#
# A fatal error has been detected by the Java Runtime Environment:
#
#  EXCEPTION_ACCESS_VIOLATION (0xc0000005) at pc=0x00007fff9f6c6990, pid=4252, tid=18400
#
# JRE version: Java(TM) SE Runtime Environment (11.0.2+9) (build 11.0.2+9-LTS)
# Java VM: Java HotSpot(TM) 64-Bit Server VM (11.0.2+9-LTS, mixed mode, tiered, compressed oops, g1 gc, windows-amd64)
# Problematic frame:
# C  0x00007fff9f6c6990
#
# No core dump will be written. Minidumps are not enabled by default on client versions of Windows
#
# If you would like to submit a bug report, please visit:
#   http://bugreport.java.com/bugreport/crash.jsp
# The crash happened outside the Java Virtual Machine in native code.
# See problematic frame for where to report the bug.
#

---------------  S U M M A R Y ------------

Command Line: com.st.microxplorer.maingui.STM32CubeMX C:\TouchGFXProjects\ledgui\ledgui.ioc

Host: Intel(R) Core(TM) i5-7200U CPU @ 2.50GHz, 4 cores, 3G,  Windows 10 , 64 bit Build 17134 (10.0.17134.753)
Time: Fri Jul 19 09:09:12 2019 ?D1¨²¡À¨º¡Á?¨º¡À?? elapsed time: 52569 seconds (0d 14h 36m 9s)

---------------  T H R E A D  ---------------

Current thread (0x000001b8cee45000):  JavaThread "AWT-Windows" daemon [_thread_in_native, id=18400, stack(0x0000003a0e400000,0x0000003a0e500000)]

Stack: [0x0000003a0e400000,0x0000003a0e500000],  sp=0x0000003a0e4fcac8,  free space=1010k
Native frames: (J=compiled Java code, j=interpreted, Vv=VM code, C=native code)
C  0x00007fff9f6c6990

Java frames: (J=compiled Java code, j=interpreted, Vv=VM code)
j  sun.awt.windows.WToolkit.eventLoop()V+0 java.desktop@11.0.2
j  sun.awt.windows.WToolkit.run()V+50 java.desktop@11.0.2
j  java.lang.Thread.run()V+11 java.base@11.0.2
v  ~StubRoutines::call_stub

siginfo: EXCEPTION_ACCESS_VIOLATION (0xc0000005), reading address 0xffffffffffffffff


Register to memory mapping:

RIP=0x00007fff9f6c6990 points into unknown readable memory: ff e0 cc cc cc cc cc cc
RAX=0x00610043002e0074 is an unknown value
RBX=0x000001b8cf70d3e0 points into unknown readable memory: a8 74 6c 9f ff 7f 00 00
RCX=0x000001b8d4403620 points into unknown readable memory: 5c 00 3f 00 3f 00 5c 00
RDX=0x0000003a0e4fcb30 is pointing into the stack for thread: 0x000001b8cee45000
RSP=0x0000003a0e4fcac8 is pointing into the stack for thread: 0x000001b8cee45000
RBP=0x0000003a0e4fcb10 is pointing into the stack for thread: 0x000001b8cee45000
RSI=0x000001b8d4403620 points into unknown readable memory: 5c 00 3f 00 3f 00 5c 00
RDI=0x0000003a0e4fcfb0 is pointing into the stack for thread: 0x000001b8cee45000
R8 =0x0000003a0e4fca08 is pointing into the stack for thread: 0x000001b8cee45000
R9 =0x0000003a0e4fca60 is pointing into the stack for thread: 0x000001b8cee45000
R10=0x0 is NULL
R11=0x0000000000000246 is an unknown value
R12=0x0 is NULL
R13=0x000001b8b075dca8 points into unknown readable memory: 00 00 00 00 00 00 00 00
R14=0x000001b8d4403620 points into unknown readable memory: 5c 00 3f 00 3f 00 5c 00
R15=0x0000000000000804 is an unknown value


Registers:
RAX=0x00610043002e0074, RBX=0x000001b8cf70d3e0, RCX=0x000001b8d4403620, RDX=0x0000003a0e4fcb30
RSP=0x0000003a0e4fcac8, RBP=0x0000003a0e4fcb10, RSI=0x000001b8d4403620, RDI=0x0000003a0e4fcfb0
R8 =0x0000003a0e4fca08, R9 =0x0000003a0e4fca60, R10=0x0000000000000000, R11=0x0000000000000246
R12=0x0000000000000000, R13=0x000001b8b075dca8, R14=0x000001b8d4403620, R15=0x0000000000000804
RIP=0x00007fff9f6c6990, EFLAGS=0x0000000000010246

Top of Stack: (sp=0x0000003a0e4fcac8)
0x0000003a0e4fcac8:   00007fff9f68b73f 0000000700000f65
0x0000003a0e4fcad8:   0000000000000000 0000000000000804
0x0000003a0e4fcae8:   0000000000000050 0000000000000804
0x0000003a0e4fcaf8:   00007fff9f6979a2 0000000000000000
0x0000003a0e4fcb08:   0000000000000804 0000003a0e4fcfb0
0x0000003a0e4fcb18:   000001b8cf70d3e0 0000003a0e4fcc30
0x0000003a0e4fcb28:   00007fff9f68ad5a 000001b800000000
0x0000003a0e4fcb38:   0000000000000000 0000003a0e4fcc30
0x0000003a0e4fcb48:   000001b8cf70d3e0 0000000000000000
0x0000003a0e4fcb58:   0000000000000010 0000000000000000
0x0000003a0e4fcb68:   0000003a0e4fcb88 0000000000000000
0x0000003a0e4fcb78:   0000000000000000 0000000000000000
0x0000003a0e4fcb88:   0000000000000000 000001b8b075d9f0
0x0000003a0e4fcb98:   00007fff9f6d2250 0000003a0e4fcfb0
0x0000003a0e4fcba8:   0000003a0e4fcfc8 0000000000000f65
0x0000003a0e4fcbb8:   0000000000000007 0000000000000001 

Instructions: (pc=0x00007fff9f6c6990)
0x00007fff9f6c6970:   00 00 cc cc cc cc cc cc cc cc cc cc cc cc cc cc
0x00007fff9f6c6980:   cc cc cc cc cc cc 66 66 0f 1f 84 00 00 00 00 00
0x00007fff9f6c6990:   ff e0 cc cc cc cc cc cc cc cc cc cc cc cc cc cc
0x00007fff9f6c69a0:   cc cc cc cc cc cc 66 66 0f 1f 84 00 00 00 00 00 


Stack slot to memory mapping:
stack at sp + 0 slots: 0x00007fff9f68b73f points into unknown readable memory: 8b
stack at sp + 1 slots: 0x0000000700000f65 is an unknown value
stack at sp + 2 slots: 0x0 is NULL
stack at sp + 3 slots: 0x0000000000000804 is an unknown value
stack at sp + 4 slots: 0x0000000000000050 is an unknown value
stack at sp + 5 slots: 0x0000000000000804 is an unknown value
stack at sp + 6 slots: 0x00007fff9f6979a2 points into unknown readable memory: 48 8b 6c 24 40 8b
stack at sp + 7 slots: 0x0 is NULL


---------------  P R O C E S S  ---------------

Threads class SMR info:
_java_thread_list=0x000001b8d5add6a0, length=18, elements={
0x000001b8ce709000, 0x000001b8ce733000, 0x000001b8ce79c000, 0x000001b8ce79d000,
0x000001b8ce79e000, 0x000001b8ce86e000, 0x000001b8ce873000, 0x000001b8ce977000,
0x000001b8ce980000, 0x000001b8cef97000, 0x000001b8cee45000, 0x000001b8cef03000,
0x000001b8cee4a800, 0x000001b8b2727800, 0x000001b8d2a58000, 0x000001b8d2a53000,
0x000001b8d2a56800, 0x000001b8d579c800
}

Java Threads: ( => current thread )
  0x000001b8ce709000 JavaThread "Reference Handler" daemon [_thread_blocked, id=11812, stack(0x0000003a0d800000,0x0000003a0d900000)]
  0x000001b8ce733000 JavaThread "Finalizer" daemon [_thread_blocked, id=6348, stack(0x0000003a0d900000,0x0000003a0da00000)]
  0x000001b8ce79c000 JavaThread "Signal Dispatcher" daemon [_thread_blocked, id=14620, stack(0x0000003a0da00000,0x0000003a0db00000)]
  0x000001b8ce79d000 JavaThread "Attach Listener" daemon [_thread_blocked, id=15864, stack(0x0000003a0db00000,0x0000003a0dc00000)]
  0x000001b8ce79e000 JavaThread "C2 CompilerThread0" daemon [_thread_blocked, id=18996, stack(0x0000003a0dc00000,0x0000003a0dd00000)]
  0x000001b8ce86e000 JavaThread "C1 CompilerThread0" daemon [_thread_blocked, id=10092, stack(0x0000003a0dd00000,0x0000003a0de00000)]
  0x000001b8ce873000 JavaThread "Sweeper thread" daemon [_thread_blocked, id=11320, stack(0x0000003a0de00000,0x0000003a0df00000)]
  0x000001b8ce977000 JavaThread "Service Thread" daemon [_thread_blocked, id=6848, stack(0x0000003a0df00000,0x0000003a0e000000)]
  0x000001b8ce980000 JavaThread "Common-Cleaner" daemon [_thread_blocked, id=15416, stack(0x0000003a0e100000,0x0000003a0e200000)]
  0x000001b8cef97000 JavaThread "Java2D Disposer" daemon [_thread_blocked, id=1548, stack(0x0000003a0e200000,0x0000003a0e300000)]
=>0x000001b8cee45000 JavaThread "AWT-Windows" daemon [_thread_in_native, id=18400, stack(0x0000003a0e400000,0x0000003a0e500000)]
  0x000001b8cef03000 JavaThread "AWT-Shutdown" [_thread_blocked, id=18572, stack(0x0000003a0e300000,0x0000003a0e400000)]
  0x000001b8cee4a800 JavaThread "AWT-EventQueue-0" [_thread_blocked, id=18812, stack(0x0000003a0e500000,0x0000003a0e600000)]
  0x000001b8b2727800 JavaThread "DestroyJavaVM" [_thread_blocked, id=7016, stack(0x0000003a0d000000,0x0000003a0d100000)]
  0x000001b8d2a58000 JavaThread "Swing-Shell" daemon [_thread_blocked, id=10452, stack(0x0000003a0f300000,0x0000003a0f400000)]
  0x000001b8d2a53000 JavaThread "TimerQueue" daemon [_thread_blocked, id=7100, stack(0x0000003a0f800000,0x0000003a0f900000)]
  0x000001b8d2a56800 JavaThread "Image Fetcher 0" daemon [_thread_blocked, id=12068, stack(0x0000003a0ed00000,0x0000003a0ee00000)]
  0x000001b8d579c800 JavaThread "C2 CompilerThread1" daemon [_thread_blocked, id=3132, stack(0x0000003a0ef00000,0x0000003a0f000000)]

Other Threads:
  0x000001b8ce704800 VMThread "VM Thread" [stack: 0x0000003a0d700000,0x0000003a0d800000] [id=15516]
  0x000001b8ce97f000 WatcherThread [stack: 0x0000003a0e000000,0x0000003a0e100000] [id=18544]
  0x000001b8b273a800 GCTaskThread "GC Thread#0" [stack: 0x0000003a0d200000,0x0000003a0d300000] [id=10468]
  0x000001b8cf831000 GCTaskThread "GC Thread#1" [stack: 0x0000003a0e700000,0x0000003a0e800000] [id=20144]
  0x000001b8cf82d000 GCTaskThread "GC Thread#2" [stack: 0x0000003a0e800000,0x0000003a0e900000] [id=8588]
  0x000001b8cf82d800 GCTaskThread "GC Thread#3" [stack: 0x0000003a0e900000,0x0000003a0ea00000] [id=15876]
  0x000001b8b2751800 ConcurrentGCThread "G1 Main Marker" [stack: 0x0000003a0d300000,0x0000003a0d400000] [id=19952]
  0x000001b8b2753000 ConcurrentGCThread "G1 Conc#0" [stack: 0x0000003a0d400000,0x0000003a0d500000] [id=10568]
  0x000001b8b2799000 ConcurrentGCThread "G1 Refine#0" [stack: 0x0000003a0d500000,0x0000003a0d600000] [id=724]
  0x000001b8ce97c800 ConcurrentGCThread "G1 Refine#1" [stack: 0x0000003a0ea00000,0x0000003a0eb00000] [id=7060]
  0x000001b8b279a000 ConcurrentGCThread "G1 Young RemSet Sampling" [stack: 0x0000003a0d600000,0x0000003a0d700000] [id=2468]

Threads with active compile tasks:

VM state:not at safepoint (normal execution)

VM Mutex/Monitor currently owned by a thread: None

Heap address: 0x00000000c8a00000, size: 886 MB, Compressed Oops mode: 32-bit
Narrow klass base: 0x0000000000000000, Narrow klass shift: 3
Compressed class space size: 1073741824 Address: 0x0000000100000000

Heap:
 garbage-first heap   total 246784K, used 213836K [0x00000000c8a00000, 0x0000000100000000)
  region size 1024K, 80 young (81920K), 5 survivors (5120K)
 Metaspace       used 57950K, capacity 60995K, committed 61212K, reserved 1101824K
  class space    used 6881K, capacity 8306K, committed 8396K, reserved 1048576K
Heap Regions: E=young(eden), S=young(survivor), O=old, HS=humongous(starts), HC=humongous(continues), CS=collection set, F=free, A=archive, TAMS=top-at-mark-start (previous, next)
|   0|0x00000000c8a00000, 0x00000000c8b00000, 0x00000000c8b00000|100%|HS|  |TAMS 0x00000000c8b00000, 0x00000000c8a00000| Complete 
|   1|0x00000000c8b00000, 0x00000000c8c00000, 0x00000000c8c00000|100%|HC|  |TAMS 0x00000000c8c00000, 0x00000000c8b00000| Complete 
|   2|0x00000000c8c00000, 0x00000000c8d00000, 0x00000000c8d00000|100%|HC|  |TAMS 0x00000000c8d00000, 0x00000000c8c00000| Complete 
|   3|0x00000000c8d00000, 0x00000000c8e00000, 0x00000000c8e00000|100%|HS|  |TAMS 0x00000000c8e00000, 0x00000000c8d00000| Complete 
|   4|0x00000000c8e00000, 0x00000000c8f00000, 0x00000000c8f00000|100%| O|  |TAMS 0x00000000c8f00000, 0x00000000c8e00000| Untracked 
|   5|0x00000000c8f00000, 0x00000000c9000000, 0x00000000c9000000|100%| O|  |TAMS 0x00000000c9000000, 0x00000000c8f00000| Untracked 
|   6|0x00000000c9000000, 0x00000000c9100000, 0x00000000c9100000|100%|HS|  |TAMS 0x00000000c9100000, 0x00000000c9000000| Complete 
|   7|0x00000000c9100000, 0x00000000c9200000, 0x00000000c9200000|100%|HC|  |TAMS 0x00000000c9200000, 0x00000000c9100000| Complete 
|   8|0x00000000c9200000, 0x00000000c9300000, 0x00000000c9300000|100%| O|  |TAMS 0x00000000c9300000, 0x00000000c9200000| Complete 
|   9|0x00000000c9300000, 0x00000000c9400000, 0x00000000c9400000|100%| O|  |TAMS 0x00000000c9400000, 0x00000000c9300000| Untracked 
|  10|0x00000000c9400000, 0x00000000c9500000, 0x00000000c9500000|100%| O|  |TAMS 0x00000000c9500000, 0x00000000c9400000| Complete 
|  11|0x00000000c9500000, 0x00000000c9600000, 0x00000000c9600000|100%|HS|  |TAMS 0x00000000c9600000, 0x00000000c9500000| Complete 
|  12|0x00000000c9600000, 0x00000000c9700000, 0x00000000c9700000|100%| O|  |TAMS 0x00000000c9700000, 0x00000000c9600000| Untracked 
|  13|0x00000000c9700000, 0x00000000c9800000, 0x00000000c9800000|100%| O|  |TAMS 0x00000000c9800000, 0x00000000c9700000| Untracked 
|  14|0x00000000c9800000, 0x00000000c9900000, 0x00000000c9900000|100%| O|  |TAMS 0x00000000c9900000, 0x00000000c9800000| Untracked 
|  15|0x00000000c9900000, 0x00000000c9a00000, 0x00000000c9a00000|100%| O|  |TAMS 0x00000000c9a00000, 0x00000000c9900000| Untracked 
|  16|0x00000000c9a00000, 0x00000000c9b00000, 0x00000000c9b00000|100%| O|  |TAMS 0x00000000c9b00000, 0x00000000c9a00000| Complete 
|  17|0x00000000c9b00000, 0x00000000c9c00000, 0x00000000c9c00000|100%| O|  |TAMS 0x00000000c9c00000, 0x00000000c9b00000| Complete 
|  18|0x00000000c9c00000, 0x00000000c9d00000, 0x00000000c9d00000|100%| O|  |TAMS 0x00000000c9d00000, 0x00000000c9c00000| Complete 
|  19|0x00000000c9d00000, 0x00000000c9e00000, 0x00000000c9e00000|100%| O|  |TAMS 0x00000000c9e00000, 0x00000000c9d00000| Untracked 
|  20|0x00000000c9e00000, 0x00000000c9f00000, 0x00000000c9f00000|100%| O|  |TAMS 0x00000000c9f00000, 0x00000000c9e00000| Complete 
|  21|0x00000000c9f00000, 0x00000000ca000000, 0x00000000ca000000|100%|HS|  |TAMS 0x00000000ca000000, 0x00000000c9f00000| Complete 
|  22|0x00000000ca000000, 0x00000000ca100000, 0x00000000ca100000|100%| O|  |TAMS 0x00000000ca100000, 0x00000000ca000000| Complete 
|  23|0x00000000ca100000, 0x00000000ca200000, 0x00000000ca200000|100%| O|  |TAMS 0x00000000ca200000, 0x00000000ca100000| Complete 
|  24|0x00000000ca200000, 0x00000000ca300000, 0x00000000ca300000|100%| O|  |TAMS 0x00000000ca300000, 0x00000000ca200000| Untracked 
|  25|0x00000000ca300000, 0x00000000ca400000, 0x00000000ca400000|100%| O|  |TAMS 0x00000000ca400000, 0x00000000ca300000| Untracked 
|  26|0x00000000ca400000, 0x00000000ca500000, 0x00000000ca500000|100%| O|  |TAMS 0x00000000ca500000, 0x00000000ca400000| Complete 
|  27|0x00000000ca500000, 0x00000000ca600000, 0x00000000ca600000|100%| O|  |TAMS 0x00000000ca600000, 0x00000000ca500000| Complete 
|  28|0x00000000ca600000, 0x00000000ca700000, 0x00000000ca700000|100%| O|  |TAMS 0x00000000ca700000, 0x00000000ca600000| Complete 
|  29|0x00000000ca700000, 0x00000000ca800000, 0x00000000ca800000|100%| O|  |TAMS 0x00000000ca800000, 0x00000000ca700000| Complete 
|  30|0x00000000ca800000, 0x00000000ca900000, 0x00000000ca900000|100%| O|  |TAMS 0x00000000ca900000, 0x00000000ca800000| Complete 
|  31|0x00000000ca900000, 0x00000000caa00000, 0x00000000caa00000|100%| O|  |TAMS 0x00000000caa00000, 0x00000000ca900000| Complete 
|  32|0x00000000caa00000, 0x00000000cab00000, 0x00000000cab00000|100%| O|  |TAMS 0x00000000cab00000, 0x00000000caa00000| Complete 
|  33|0x00000000cab00000, 0x00000000cac00000, 0x00000000cac00000|100%| O|  |TAMS 0x00000000cac00000, 0x00000000cab00000| Complete 
|  34|0x00000000cac00000, 0x00000000cad00000, 0x00000000cad00000|100%| O|  |TAMS 0x00000000cad00000, 0x00000000cac00000| Complete 
|  35|0x00000000cad00000, 0x00000000cae00000, 0x00000000cae00000|100%| O|  |TAMS 0x00000000cae00000, 0x00000000cad00000| Complete 
|  36|0x00000000cae00000, 0x00000000caf00000, 0x00000000caf00000|100%| O|  |TAMS 0x00000000caf00000, 0x00000000cae00000| Untracked 
|  37|0x00000000caf00000, 0x00000000cb000000, 0x00000000cb000000|100%| O|  |TAMS 0x00000000cb000000, 0x00000000caf00000| Untracked 
|  38|0x00000000cb000000, 0x00000000cb100000, 0x00000000cb100000|100%| O|  |TAMS 0x00000000cb100000, 0x00000000cb000000| Untracked 
|  39|0x00000000cb100000, 0x00000000cb200000, 0x00000000cb200000|100%| O|  |TAMS 0x00000000cb200000, 0x00000000cb100000| Untracked 
|  40|0x00000000cb200000, 0x00000000cb300000, 0x00000000cb300000|100%| O|  |TAMS 0x00000000cb300000, 0x00000000cb200000| Untracked 
|  41|0x00000000cb300000, 0x00000000cb400000, 0x00000000cb400000|100%| O|  |TAMS 0x00000000cb400000, 0x00000000cb300000| Untracked 
|  42|0x00000000cb400000, 0x00000000cb500000, 0x00000000cb500000|100%| O|  |TAMS 0x00000000cb500000, 0x00000000cb400000| Untracked 
|  43|0x00000000cb500000, 0x00000000cb600000, 0x00000000cb600000|100%| O|  |TAMS 0x00000000cb600000, 0x00000000cb500000| Untracked 
|  44|0x00000000cb600000, 0x00000000cb700000, 0x00000000cb700000|100%| O|  |TAMS 0x00000000cb700000, 0x00000000cb600000| Untracked 
|  45|0x00000000cb700000, 0x00000000cb800000, 0x00000000cb800000|100%| O|  |TAMS 0x00000000cb800000, 0x00000000cb700000| Untracked 
|  46|0x00000000cb800000, 0x00000000cb900000, 0x00000000cb900000|100%| O|  |TAMS 0x00000000cb900000, 0x00000000cb800000| Untracked 
|  47|0x00000000cb900000, 0x00000000cba00000, 0x00000000cba00000|100%| O|  |TAMS 0x00000000cba00000, 0x00000000cb900000| Untracked 
|  48|0x00000000cba00000, 0x00000000cbb00000, 0x00000000cbb00000|100%| O|  |TAMS 0x00000000cbb00000, 0x00000000cba00000| Untracked 
|  49|0x00000000cbb00000, 0x00000000cbc00000, 0x00000000cbc00000|100%| O|  |TAMS 0x00000000cbc00000, 0x00000000cbb00000| Untracked 
|  50|0x00000000cbc00000, 0x00000000cbd00000, 0x00000000cbd00000|100%| O|  |TAMS 0x00000000cbd00000, 0x00000000cbc00000| Untracked 
|  51|0x00000000cbd00000, 0x00000000cbe00000, 0x00000000cbe00000|100%|HS|  |TAMS 0x00000000cbe00000, 0x00000000cbd00000| Complete 
|  52|0x00000000cbe00000, 0x00000000cbf00000, 0x00000000cbf00000|100%|HC|  |TAMS 0x00000000cbf00000, 0x00000000cbe00000| Complete 
|  53|0x00000000cbf00000, 0x00000000cc000000, 0x00000000cc000000|100%| O|  |TAMS 0x00000000cc000000, 0x00000000cbf00000| Complete 
|  54|0x00000000cc000000, 0x00000000cc100000, 0x00000000cc100000|100%| O|  |TAMS 0x00000000cc100000, 0x00000000cc000000| Untracked 
|  55|0x00000000cc100000, 0x00000000cc200000, 0x00000000cc200000|100%|HS|  |TAMS 0x00000000cc200000, 0x00000000cc100000| Complete 
|  56|0x00000000cc200000, 0x00000000cc300000, 0x00000000cc300000|100%|HC|  |TAMS 0x00000000cc300000, 0x00000000cc200000| Complete 
|  57|0x00000000cc300000, 0x00000000cc400000, 0x00000000cc400000|100%| O|  |TAMS 0x00000000cc400000, 0x00000000cc300000| Untracked 
|  58|0x00000000cc400000, 0x00000000cc500000, 0x00000000cc500000|100%| O|  |TAMS 0x00000000cc500000, 0x00000000cc400000| Untracked 
|  59|0x00000000cc500000, 0x00000000cc600000, 0x00000000cc600000|100%| O|  |TAMS 0x00000000cc600000, 0x00000000cc500000| Untracked 
|  60|0x00000000cc600000, 0x00000000cc700000, 0x00000000cc700000|100%| O|  |TAMS 0x00000000cc700000, 0x00000000cc600000| Untracked 
|  61|0x00000000cc700000, 0x00000000cc800000, 0x00000000cc800000|100%| O|  |TAMS 0x00000000cc800000, 0x00000000cc700000| Untracked 
|  62|0x00000000cc800000, 0x00000000cc900000, 0x00000000cc900000|100%| O|  |TAMS 0x00000000cc900000, 0x00000000cc800000| Untracked 
|  63|0x00000000cc900000, 0x00000000cca00000, 0x00000000cca00000|100%| O|  |TAMS 0x00000000cca00000, 0x00000000cc900000| Untracked 
|  64|0x00000000cca00000, 0x00000000ccb00000, 0x00000000ccb00000|100%| O|  |TAMS 0x00000000ccb00000, 0x00000000cca00000| Untracked 
|  65|0x00000000ccb00000, 0x00000000ccc00000, 0x00000000ccc00000|100%| O|  |TAMS 0x00000000ccc00000, 0x00000000ccb00000| Untracked 
|  66|0x00000000ccc00000, 0x00000000ccd00000, 0x00000000ccd00000|100%| O|  |TAMS 0x00000000ccd00000, 0x00000000ccc00000| Untracked 
|  67|0x00000000ccd00000, 0x00000000cce00000, 0x00000000cce00000|100%| O|  |TAMS 0x00000000cce00000, 0x00000000ccd00000| Untracked 
|  68|0x00000000cce00000, 0x00000000ccf00000, 0x00000000ccf00000|100%| O|  |TAMS 0x00000000ccf00000, 0x00000000cce00000| Untracked 
|  69|0x00000000ccf00000, 0x00000000cd000000, 0x00000000cd000000|100%| O|  |TAMS 0x00000000cd000000, 0x00000000ccf00000| Untracked 
|  70|0x00000000cd000000, 0x00000000cd100000, 0x00000000cd100000|100%| O|  |TAMS 0x00000000cd100000, 0x00000000cd000000| Complete 
|  71|0x00000000cd100000, 0x00000000cd200000, 0x00000000cd200000|100%| O|  |TAMS 0x00000000cd200000, 0x00000000cd100000| Untracked 
|  72|0x00000000cd200000, 0x00000000cd300000, 0x00000000cd300000|100%| O|  |TAMS 0x00000000cd300000, 0x00000000cd200000| Untracked 
|  73|0x00000000cd300000, 0x00000000cd400000, 0x00000000cd400000|100%| O|  |TAMS 0x00000000cd400000, 0x00000000cd300000| Untracked 
|  74|0x00000000cd400000, 0x00000000cd500000, 0x00000000cd500000|100%| O|  |TAMS 0x00000000cd500000, 0x00000000cd400000| Untracked 
|  75|0x00000000cd500000, 0x00000000cd600000, 0x00000000cd600000|100%| O|  |TAMS 0x00000000cd600000, 0x00000000cd500000| Untracked 
|  76|0x00000000cd600000, 0x00000000cd700000, 0x00000000cd700000|100%| O|  |TAMS 0x00000000cd700000, 0x00000000cd600000| Untracked 
|  77|0x00000000cd700000, 0x00000000cd800000, 0x00000000cd800000|100%| O|  |TAMS 0x00000000cd800000, 0x00000000cd700000| Untracked 
|  78|0x00000000cd800000, 0x00000000cd900000, 0x00000000cd900000|100%| O|  |TAMS 0x00000000cd900000, 0x00000000cd800000| Untracked 
|  79|0x00000000cd900000, 0x00000000cda00000, 0x00000000cda00000|100%| O|  |TAMS 0x00000000cda00000, 0x00000000cd900000| Complete 
|  80|0x00000000cda00000, 0x00000000cdb00000, 0x00000000cdb00000|100%| O|  |TAMS 0x00000000cdb00000, 0x00000000cda00000| Untracked 
|  81|0x00000000cdb00000, 0x00000000cdc00000, 0x00000000cdc00000|100%| O|  |TAMS 0x00000000cdc00000, 0x00000000cdb00000| Untracked 
|  82|0x00000000cdc00000, 0x00000000cdd00000, 0x00000000cdd00000|100%| O|  |TAMS 0x00000000cdd00000, 0x00000000cdc00000| Untracked 
|  83|0x00000000cdd00000, 0x00000000cde00000, 0x00000000cde00000|100%| O|  |TAMS 0x00000000cde00000, 0x00000000cdd00000| Untracked 
|  84|0x00000000cde00000, 0x00000000cdf00000, 0x00000000cdf00000|100%| O|  |TAMS 0x00000000cdf00000, 0x00000000cde00000| Complete 
|  85|0x00000000cdf00000, 0x00000000ce000000, 0x00000000ce000000|100%| O|  |TAMS 0x00000000ce000000, 0x00000000cdf00000| Untracked 
|  86|0x00000000ce000000, 0x00000000ce100000, 0x00000000ce100000|100%| O|  |TAMS 0x00000000ce100000, 0x00000000ce000000| Untracked 
|  87|0x00000000ce100000, 0x00000000ce200000, 0x00000000ce200000|100%| O|  |TAMS 0x00000000ce200000, 0x00000000ce100000| Complete 
|  88|0x00000000ce200000, 0x00000000ce300000, 0x00000000ce300000|100%| O|  |TAMS 0x00000000ce300000, 0x00000000ce200000| Untracked 
|  89|0x00000000ce300000, 0x00000000ce400000, 0x00000000ce400000|100%| O|  |TAMS 0x00000000ce400000, 0x00000000ce300000| Untracked 
|  90|0x00000000ce400000, 0x00000000ce500000, 0x00000000ce500000|100%| O|  |TAMS 0x00000000ce500000, 0x00000000ce400000| Untracked 
|  91|0x00000000ce500000, 0x00000000ce600000, 0x00000000ce600000|100%| O|  |TAMS 0x00000000ce600000, 0x00000000ce500000| Untracked 
|  92|0x00000000ce600000, 0x00000000ce700000, 0x00000000ce700000|100%| O|  |TAMS 0x00000000ce700000, 0x00000000ce600000| Untracked 
|  93|0x00000000ce700000, 0x00000000ce800000, 0x00000000ce800000|100%| O|  |TAMS 0x00000000ce800000, 0x00000000ce700000| Untracked 
|  94|0x00000000ce800000, 0x00000000ce900000, 0x00000000ce900000|100%| O|  |TAMS 0x00000000ce900000, 0x00000000ce800000| Untracked 
|  95|0x00000000ce900000, 0x00000000cea00000, 0x00000000cea00000|100%| O|  |TAMS 0x00000000cea00000, 0x00000000ce900000| Untracked 
|  96|0x00000000cea00000, 0x00000000ceb00000, 0x00000000ceb00000|100%| O|  |TAMS 0x00000000ceb00000, 0x00000000cea00000| Untracked 
|  97|0x00000000ceb00000, 0x00000000cec00000, 0x00000000cec00000|100%| O|  |TAMS 0x00000000cec00000, 0x00000000ceb00000| Complete 
|  98|0x00000000cec00000, 0x00000000ced00000, 0x00000000ced00000|100%| O|  |TAMS 0x00000000ced00000, 0x00000000cec00000| Untracked 
|  99|0x00000000ced00000, 0x00000000cee00000, 0x00000000cee00000|100%| O|  |TAMS 0x00000000cee00000, 0x00000000ced00000| Untracked 
| 100|0x00000000cee00000, 0x00000000cef00000, 0x00000000cef00000|100%| O|  |TAMS 0x00000000cef00000, 0x00000000cee00000| Untracked 
| 101|0x00000000cef00000, 0x00000000cf000000, 0x00000000cf000000|100%| O|  |TAMS 0x00000000cf000000, 0x00000000cef00000| Untracked 
| 102|0x00000000cf000000, 0x00000000cf100000, 0x00000000cf100000|100%| O|  |TAMS 0x00000000cf100000, 0x00000000cf000000| Untracked 
| 103|0x00000000cf100000, 0x00000000cf200000, 0x00000000cf200000|100%| O|  |TAMS 0x00000000cf200000, 0x00000000cf100000| Untracked 
| 104|0x00000000cf200000, 0x00000000cf300000, 0x00000000cf300000|100%| O|  |TAMS 0x00000000cf300000, 0x00000000cf200000| Untracked 
| 105|0x00000000cf300000, 0x00000000cf400000, 0x00000000cf400000|100%| O|  |TAMS 0x00000000cf400000, 0x00000000cf300000| Untracked 
| 106|0x00000000cf400000, 0x00000000cf500000, 0x00000000cf500000|100%| O|  |TAMS 0x00000000cf500000, 0x00000000cf400000| Untracked 
| 107|0x00000000cf500000, 0x00000000cf600000, 0x00000000cf600000|100%| O|  |TAMS 0x00000000cf600000, 0x00000000cf500000| Untracked 
| 108|0x00000000cf600000, 0x00000000cf700000, 0x00000000cf700000|100%| O|  |TAMS 0x00000000cf700000, 0x00000000cf600000| Complete 
| 109|0x00000000cf700000, 0x00000000cf800000, 0x00000000cf800000|100%| O|  |TAMS 0x00000000cf800000, 0x00000000cf700000| Untracked 
| 110|0x00000000cf800000, 0x00000000cf900000, 0x00000000cf900000|100%| O|  |TAMS 0x00000000cf900000, 0x00000000cf800000| Untracked 
| 111|0x00000000cf900000, 0x00000000cfa00000, 0x00000000cfa00000|100%| O|  |TAMS 0x00000000cfa00000, 0x00000000cf900000| Untracked 
| 112|0x00000000cfa00000, 0x00000000cfb00000, 0x00000000cfb00000|100%| O|  |TAMS 0x00000000cfb00000, 0x00000000cfa00000| Untracked 
| 113|0x00000000cfb00000, 0x00000000cfc00000, 0x00000000cfc00000|100%| O|  |TAMS 0x00000000cfc00000, 0x00000000cfb00000| Untracked 
| 114|0x00000000cfc00000, 0x00000000cfd00000, 0x00000000cfd00000|100%| O|  |TAMS 0x00000000cfd00000, 0x00000000cfc00000| Untracked 
| 115|0x00000000cfd00000, 0x00000000cfe00000, 0x00000000cfe00000|100%| O|  |TAMS 0x00000000cfe00000, 0x00000000cfd00000| Complete 
| 116|0x00000000cfe00000, 0x00000000cfe72c00, 0x00000000cff00000| 44%| O|  |TAMS 0x00000000cfe72c00, 0x00000000cfe00000| Untracked 
| 117|0x00000000cff00000, 0x00000000d0000000, 0x00000000d0000000|100%|HS|  |TAMS 0x00000000cff00000, 0x00000000cff00000| Complete 
| 118|0x00000000d0000000, 0x00000000d0100000, 0x00000000d0100000|100%|HC|  |TAMS 0x00000000d0000000, 0x00000000d0000000| Complete 
| 119|0x00000000d0100000, 0x00000000d0200000, 0x00000000d0200000|100%|HC|  |TAMS 0x00000000d0100000, 0x00000000d0100000| Complete 
| 120|0x00000000d0200000, 0x00000000d0300000, 0x00000000d0300000|100%|HC|  |TAMS 0x00000000d0200000, 0x00000000d0200000| Complete 
| 121|0x00000000d0300000, 0x00000000d0400000, 0x00000000d0400000|100%|HC|  |TAMS 0x00000000d0300000, 0x00000000d0300000| Complete 
| 122|0x00000000d0400000, 0x00000000d0500000, 0x00000000d0500000|100%|HS|  |TAMS 0x00000000d0400000, 0x00000000d0400000| Complete 
| 123|0x00000000d0500000, 0x00000000d0600000, 0x00000000d0600000|100%|HC|  |TAMS 0x00000000d0500000, 0x00000000d0500000| Complete 
| 124|0x00000000d0600000, 0x00000000d0700000, 0x00000000d0700000|100%|HC|  |TAMS 0x00000000d0600000, 0x00000000d0600000| Complete 
| 125|0x00000000d0700000, 0x00000000d0800000, 0x00000000d0800000|100%|HC|  |TAMS 0x00000000d0700000, 0x00000000d0700000| Complete 
| 126|0x00000000d0800000, 0x00000000d0900000, 0x00000000d0900000|100%|HC|  |TAMS 0x00000000d0800000, 0x00000000d0800000| Complete 
| 127|0x00000000d0900000, 0x00000000d0a00000, 0x00000000d0a00000|100%|HC|  |TAMS 0x00000000d0900000, 0x00000000d0900000| Complete 
| 128|0x00000000d0a00000, 0x00000000d0b00000, 0x00000000d0b00000|100%|HC|  |TAMS 0x00000000d0a00000, 0x00000000d0a00000| Complete 
| 129|0x00000000d0b00000, 0x00000000d0c00000, 0x00000000d0c00000|100%|HC|  |TAMS 0x00000000d0b00000, 0x00000000d0b00000| Complete 
| 130|0x00000000d0c00000, 0x00000000d0d00000, 0x00000000d0d00000|100%|HS|  |TAMS 0x00000000d0c00000, 0x00000000d0c00000| Complete 
| 131|0x00000000d0d00000, 0x00000000d0d00000, 0x00000000d0e00000|  0%| F|  |TAMS 0x00000000d0d00000, 0x00000000d0d00000| Untracked 
| 132|0x00000000d0e00000, 0x00000000d0e00000, 0x00000000d0f00000|  0%| F|  |TAMS 0x00000000d0e00000, 0x00000000d0e00000| Untracked 
| 133|0x00000000d0f00000, 0x00000000d0f00000, 0x00000000d1000000|  0%| F|  |TAMS 0x00000000d0f00000, 0x00000000d0f00000| Untracked 
| 134|0x00000000d1000000, 0x00000000d1000000, 0x00000000d1100000|  0%| F|  |TAMS 0x00000000d1000000, 0x00000000d1000000| Untracked 
| 135|0x00000000d1100000, 0x00000000d1100000, 0x00000000d1200000|  0%| F|  |TAMS 0x00000000d1100000, 0x00000000d1100000| Untracked 
| 136|0x00000000d1200000, 0x00000000d1200000, 0x00000000d1300000|  0%| F|  |TAMS 0x00000000d1200000, 0x00000000d1200000| Untracked 
| 137|0x00000000d1300000, 0x00000000d1300000, 0x00000000d1400000|  0%| F|  |TAMS 0x00000000d1300000, 0x00000000d1300000| Untracked 
| 138|0x00000000d1400000, 0x00000000d1400000, 0x00000000d1500000|  0%| F|  |TAMS 0x00000000d1400000, 0x00000000d1400000| Untracked 
| 139|0x00000000d1500000, 0x00000000d1500000, 0x00000000d1600000|  0%| F|  |TAMS 0x00000000d1500000, 0x00000000d1500000| Untracked 
| 140|0x00000000d1600000, 0x00000000d1600000, 0x00000000d1700000|  0%| F|  |TAMS 0x00000000d1600000, 0x00000000d1600000| Untracked 
| 141|0x00000000d1700000, 0x00000000d1700000, 0x00000000d1800000|  0%| F|  |TAMS 0x00000000d1700000, 0x00000000d1700000| Untracked 
| 142|0x00000000d1800000, 0x00000000d1800000, 0x00000000d1900000|  0%| F|  |TAMS 0x00000000d1800000, 0x00000000d1800000| Untracked 
| 143|0x00000000d1900000, 0x00000000d1900000, 0x00000000d1a00000|  0%| F|  |TAMS 0x00000000d1900000, 0x00000000d1900000| Untracked 
| 144|0x00000000d1a00000, 0x00000000d1a00000, 0x00000000d1b00000|  0%| F|  |TAMS 0x00000000d1a00000, 0x00000000d1a00000| Untracked 
| 145|0x00000000d1b00000, 0x00000000d1b00000, 0x00000000d1c00000|  0%| F|  |TAMS 0x00000000d1b00000, 0x00000000d1b00000| Untracked 
| 146|0x00000000d1c00000, 0x00000000d1c00000, 0x00000000d1d00000|  0%| F|  |TAMS 0x00000000d1c00000, 0x00000000d1c00000| Untracked 
| 147|0x00000000d1d00000, 0x00000000d1d00000, 0x00000000d1e00000|  0%| F|  |TAMS 0x00000000d1d00000, 0x00000000d1d00000| Untracked 
| 148|0x00000000d1e00000, 0x00000000d1e00000, 0x00000000d1f00000|  0%| F|  |TAMS 0x00000000d1e00000, 0x00000000d1e00000| Untracked 
| 149|0x00000000d1f00000, 0x00000000d1f00000, 0x00000000d2000000|  0%| F|  |TAMS 0x00000000d1f00000, 0x00000000d1f00000| Untracked 
| 150|0x00000000d2000000, 0x00000000d2000000, 0x00000000d2100000|  0%| F|  |TAMS 0x00000000d2000000, 0x00000000d2000000| Untracked 
| 151|0x00000000d2100000, 0x00000000d2100000, 0x00000000d2200000|  0%| F|  |TAMS 0x00000000d2100000, 0x00000000d2100000| Untracked 
| 152|0x00000000d2200000, 0x00000000d2200000, 0x00000000d2300000|  0%| F|  |TAMS 0x00000000d2200000, 0x00000000d2200000| Untracked 
| 153|0x00000000d2300000, 0x00000000d2300000, 0x00000000d2400000|  0%| F|  |TAMS 0x00000000d2300000, 0x00000000d2300000| Untracked 
| 154|0x00000000d2400000, 0x00000000d2400000, 0x00000000d2500000|  0%| F|  |TAMS 0x00000000d2400000, 0x00000000d2400000| Untracked 
| 155|0x00000000d2500000, 0x00000000d2560740, 0x00000000d2600000| 37%| S|CS|TAMS 0x00000000d2500000, 0x00000000d2500000| Complete 
| 156|0x00000000d2600000, 0x00000000d2700000, 0x00000000d2700000|100%| S|CS|TAMS 0x00000000d2600000, 0x00000000d2600000| Complete 
| 157|0x00000000d2700000, 0x00000000d2800000, 0x00000000d2800000|100%| S|CS|TAMS 0x00000000d2700000, 0x00000000d2700000| Complete 
| 158|0x00000000d2800000, 0x00000000d2900000, 0x00000000d2900000|100%| S|CS|TAMS 0x00000000d2800000, 0x00000000d2800000| Complete 
| 159|0x00000000d2900000, 0x00000000d2a00000, 0x00000000d2a00000|100%| S|CS|TAMS 0x00000000d2900000, 0x00000000d2900000| Complete 
| 160|0x00000000d2a00000, 0x00000000d2a00000, 0x00000000d2b00000|  0%| F|  |TAMS 0x00000000d2a00000, 0x00000000d2a00000| Untracked 
| 161|0x00000000d2b00000, 0x00000000d2b00000, 0x00000000d2c00000|  0%| F|  |TAMS 0x00000000d2b00000, 0x00000000d2b00000| Untracked 
| 162|0x00000000d2c00000, 0x00000000d2c00000, 0x00000000d2d00000|  0%| F|  |TAMS 0x00000000d2c00000, 0x00000000d2c00000| Untracked 
| 163|0x00000000d2d00000, 0x00000000d2d00000, 0x00000000d2e00000|  0%| F|  |TAMS 0x00000000d2d00000, 0x00000000d2d00000| Untracked 
| 164|0x00000000d2e00000, 0x00000000d2e00000, 0x00000000d2f00000|  0%| F|  |TAMS 0x00000000d2e00000, 0x00000000d2e00000| Untracked 
| 165|0x00000000d2f00000, 0x00000000d2f00000, 0x00000000d3000000|  0%| F|  |TAMS 0x00000000d2f00000, 0x00000000d2f00000| Untracked 
| 166|0x00000000d3000000, 0x00000000d3080800, 0x00000000d3100000| 50%| E|  |TAMS 0x00000000d3000000, 0x00000000d3000000| Complete 
| 167|0x00000000d3100000, 0x00000000d3200000, 0x00000000d3200000|100%| E|CS|TAMS 0x00000000d3100000, 0x00000000d3100000| Complete 
| 168|0x00000000d3200000, 0x00000000d3300000, 0x00000000d3300000|100%| E|CS|TAMS 0x00000000d3200000, 0x00000000d3200000| Complete 
| 169|0x00000000d3300000, 0x00000000d3400000, 0x00000000d3400000|100%| E|CS|TAMS 0x00000000d3300000, 0x00000000d3300000| Complete 
| 170|0x00000000d3400000, 0x00000000d3500000, 0x00000000d3500000|100%| E|CS|TAMS 0x00000000d3400000, 0x00000000d3400000| Complete 
| 171|0x00000000d3500000, 0x00000000d3600000, 0x00000000d3600000|100%| E|CS|TAMS 0x00000000d3500000, 0x00000000d3500000| Complete 
| 172|0x00000000d3600000, 0x00000000d3700000, 0x00000000d3700000|100%| E|CS|TAMS 0x00000000d3600000, 0x00000000d3600000| Complete 
| 173|0x00000000d3700000, 0x00000000d3800000, 0x00000000d3800000|100%| E|CS|TAMS 0x00000000d3700000, 0x00000000d3700000| Complete 
| 174|0x00000000d3800000, 0x00000000d3900000, 0x00000000d3900000|100%| E|CS|TAMS 0x00000000d3800000, 0x00000000d3800000| Complete 
| 175|0x00000000d3900000, 0x00000000d3a00000, 0x00000000d3a00000|100%| E|CS|TAMS 0x00000000d3900000, 0x00000000d3900000| Complete 
| 176|0x00000000d3a00000, 0x00000000d3b00000, 0x00000000d3b00000|100%| E|CS|TAMS 0x00000000d3a00000, 0x00000000d3a00000| Complete 
| 177|0x00000000d3b00000, 0x00000000d3c00000, 0x00000000d3c00000|100%| E|CS|TAMS 0x00000000d3b00000, 0x00000000d3b00000| Complete 
| 178|0x00000000d3c00000, 0x00000000d3d00000, 0x00000000d3d00000|100%| E|CS|TAMS 0x00000000d3c00000, 0x00000000d3c00000| Complete 
| 179|0x00000000d3d00000, 0x00000000d3e00000, 0x00000000d3e00000|100%| E|CS|TAMS 0x00000000d3d00000, 0x00000000d3d00000| Complete 
| 180|0x00000000d3e00000, 0x00000000d3f00000, 0x00000000d3f00000|100%| E|CS|TAMS 0x00000000d3e00000, 0x00000000d3e00000| Complete 
| 181|0x00000000d3f00000, 0x00000000d4000000, 0x00000000d4000000|100%| E|CS|TAMS 0x00000000d3f00000, 0x00000000d3f00000| Complete 
| 182|0x00000000d4000000, 0x00000000d4100000, 0x00000000d4100000|100%| E|CS|TAMS 0x00000000d4000000, 0x00000000d4000000| Complete 
| 183|0x00000000d4100000, 0x00000000d4200000, 0x00000000d4200000|100%| E|CS|TAMS 0x00000000d4100000, 0x00000000d4100000| Complete 
| 184|0x00000000d4200000, 0x00000000d4300000, 0x00000000d4300000|100%| E|CS|TAMS 0x00000000d4200000, 0x00000000d4200000| Complete 
| 185|0x00000000d4300000, 0x00000000d4400000, 0x00000000d4400000|100%| E|CS|TAMS 0x00000000d4300000, 0x00000000d4300000| Complete 
| 186|0x00000000d4400000, 0x00000000d4500000, 0x00000000d4500000|100%| E|CS|TAMS 0x00000000d4400000, 0x00000000d4400000| Complete 
| 187|0x00000000d4500000, 0x00000000d4600000, 0x00000000d4600000|100%| E|CS|TAMS 0x00000000d4500000, 0x00000000d4500000| Complete 
| 188|0x00000000d4600000, 0x00000000d4700000, 0x00000000d4700000|100%| E|CS|TAMS 0x00000000d4600000, 0x00000000d4600000| Complete 
| 189|0x00000000d4700000, 0x00000000d4800000, 0x00000000d4800000|100%| E|CS|TAMS 0x00000000d4700000, 0x00000000d4700000| Complete 
| 190|0x00000000d4800000, 0x00000000d4900000, 0x00000000d4900000|100%| E|CS|TAMS 0x00000000d4800000, 0x00000000d4800000| Complete 
| 191|0x00000000d4900000, 0x00000000d4a00000, 0x00000000d4a00000|100%| E|CS|TAMS 0x00000000d4900000, 0x00000000d4900000| Complete 
| 192|0x00000000d4a00000, 0x00000000d4b00000, 0x00000000d4b00000|100%| E|CS|TAMS 0x00000000d4a00000, 0x00000000d4a00000| Complete 
| 193|0x00000000d4b00000, 0x00000000d4c00000, 0x00000000d4c00000|100%| E|CS|TAMS 0x00000000d4b00000, 0x00000000d4b00000| Complete 
| 194|0x00000000d4c00000, 0x00000000d4d00000, 0x00000000d4d00000|100%| E|CS|TAMS 0x00000000d4c00000, 0x00000000d4c00000| Complete 
| 195|0x00000000d4d00000, 0x00000000d4e00000, 0x00000000d4e00000|100%| E|CS|TAMS 0x00000000d4d00000, 0x00000000d4d00000| Complete 
| 196|0x00000000d4e00000, 0x00000000d4f00000, 0x00000000d4f00000|100%| E|CS|TAMS 0x00000000d4e00000, 0x00000000d4e00000| Complete 
| 197|0x00000000d4f00000, 0x00000000d5000000, 0x00000000d5000000|100%| E|CS|TAMS 0x00000000d4f00000, 0x00000000d4f00000| Complete 
| 198|0x00000000d5000000, 0x00000000d5100000, 0x00000000d5100000|100%| E|CS|TAMS 0x00000000d5000000, 0x00000000d5000000| Complete 
| 199|0x00000000d5100000, 0x00000000d5200000, 0x00000000d5200000|100%| E|CS|TAMS 0x00000000d5100000, 0x00000000d5100000| Complete 
| 200|0x00000000d5200000, 0x00000000d5300000, 0x00000000d5300000|100%| E|CS|TAMS 0x00000000d5200000, 0x00000000d5200000| Complete 
| 201|0x00000000d5300000, 0x00000000d5400000, 0x00000000d5400000|100%| E|CS|TAMS 0x00000000d5300000, 0x00000000d5300000| Complete 
| 202|0x00000000d5400000, 0x00000000d5500000, 0x00000000d5500000|100%| E|CS|TAMS 0x00000000d5400000, 0x00000000d5400000| Complete 
| 203|0x00000000d5500000, 0x00000000d5600000, 0x00000000d5600000|100%| E|CS|TAMS 0x00000000d5500000, 0x00000000d5500000| Complete 
| 204|0x00000000d5600000, 0x00000000d5700000, 0x00000000d5700000|100%| E|CS|TAMS 0x00000000d5600000, 0x00000000d5600000| Complete 
| 205|0x00000000d5700000, 0x00000000d5800000, 0x00000000d5800000|100%| E|CS|TAMS 0x00000000d5700000, 0x00000000d5700000| Complete 
| 206|0x00000000d5800000, 0x00000000d5900000, 0x00000000d5900000|100%| E|CS|TAMS 0x00000000d5800000, 0x00000000d5800000| Complete 
| 207|0x00000000d5900000, 0x00000000d5a00000, 0x00000000d5a00000|100%| E|CS|TAMS 0x00000000d5900000, 0x00000000d5900000| Complete 
| 208|0x00000000d5a00000, 0x00000000d5b00000, 0x00000000d5b00000|100%| E|CS|TAMS 0x00000000d5a00000, 0x00000000d5a00000| Complete 
| 209|0x00000000d5b00000, 0x00000000d5c00000, 0x00000000d5c00000|100%| E|CS|TAMS 0x00000000d5b00000, 0x00000000d5b00000| Complete 
| 210|0x00000000d5c00000, 0x00000000d5d00000, 0x00000000d5d00000|100%| E|CS|TAMS 0x00000000d5c00000, 0x00000000d5c00000| Complete 
| 211|0x00000000d5d00000, 0x00000000d5e00000, 0x00000000d5e00000|100%| E|CS|TAMS 0x00000000d5d00000, 0x00000000d5d00000| Complete 
| 212|0x00000000d5e00000, 0x00000000d5f00000, 0x00000000d5f00000|100%| E|CS|TAMS 0x00000000d5e00000, 0x00000000d5e00000| Complete 
| 213|0x00000000d5f00000, 0x00000000d6000000, 0x00000000d6000000|100%| E|CS|TAMS 0x00000000d5f00000, 0x00000000d5f00000| Complete 
| 214|0x00000000d6000000, 0x00000000d6100000, 0x00000000d6100000|100%| E|CS|TAMS 0x00000000d6000000, 0x00000000d6000000| Complete 
| 215|0x00000000d6100000, 0x00000000d6200000, 0x00000000d6200000|100%| E|CS|TAMS 0x00000000d6100000, 0x00000000d6100000| Complete 
| 216|0x00000000d6200000, 0x00000000d6300000, 0x00000000d6300000|100%| E|CS|TAMS 0x00000000d6200000, 0x00000000d6200000| Complete 
| 217|0x00000000d6300000, 0x00000000d6400000, 0x00000000d6400000|100%| E|CS|TAMS 0x00000000d6300000, 0x00000000d6300000| Complete 
| 218|0x00000000d6400000, 0x00000000d6500000, 0x00000000d6500000|100%| E|CS|TAMS 0x00000000d6400000, 0x00000000d6400000| Complete 
| 219|0x00000000d6500000, 0x00000000d6600000, 0x00000000d6600000|100%| E|CS|TAMS 0x00000000d6500000, 0x00000000d6500000| Complete 
| 220|0x00000000d6600000, 0x00000000d6700000, 0x00000000d6700000|100%| E|CS|TAMS 0x00000000d6600000, 0x00000000d6600000| Complete 
| 221|0x00000000d6700000, 0x00000000d6800000, 0x00000000d6800000|100%| E|CS|TAMS 0x00000000d6700000, 0x00000000d6700000| Complete 
| 222|0x00000000d6800000, 0x00000000d6900000, 0x00000000d6900000|100%| E|CS|TAMS 0x00000000d6800000, 0x00000000d6800000| Complete 
| 223|0x00000000d6900000, 0x00000000d6a00000, 0x00000000d6a00000|100%| E|CS|TAMS 0x00000000d6900000, 0x00000000d6900000| Complete 
| 224|0x00000000d6a00000, 0x00000000d6b00000, 0x00000000d6b00000|100%| E|CS|TAMS 0x00000000d6a00000, 0x00000000d6a00000| Complete 
| 225|0x00000000d6b00000, 0x00000000d6c00000, 0x00000000d6c00000|100%| E|CS|TAMS 0x00000000d6b00000, 0x00000000d6b00000| Complete 
| 226|0x00000000d6c00000, 0x00000000d6d00000, 0x00000000d6d00000|100%| E|CS|TAMS 0x00000000d6c00000, 0x00000000d6c00000| Complete 
| 227|0x00000000d6d00000, 0x00000000d6e00000, 0x00000000d6e00000|100%| E|CS|TAMS 0x00000000d6d00000, 0x00000000d6d00000| Complete 
| 228|0x00000000d6e00000, 0x00000000d6f00000, 0x00000000d6f00000|100%| E|CS|TAMS 0x00000000d6e00000, 0x00000000d6e00000| Complete 
| 229|0x00000000d6f00000, 0x00000000d7000000, 0x00000000d7000000|100%| E|CS|TAMS 0x00000000d6f00000, 0x00000000d6f00000| Complete 
| 230|0x00000000d7000000, 0x00000000d7100000, 0x00000000d7100000|100%| E|CS|TAMS 0x00000000d7000000, 0x00000000d7000000| Complete 
| 231|0x00000000d7100000, 0x00000000d7200000, 0x00000000d7200000|100%| E|CS|TAMS 0x00000000d7100000, 0x00000000d7100000| Complete 
| 232|0x00000000d7200000, 0x00000000d7300000, 0x00000000d7300000|100%| E|CS|TAMS 0x00000000d7200000, 0x00000000d7200000| Complete 
| 233|0x00000000d7300000, 0x00000000d7400000, 0x00000000d7400000|100%| E|CS|TAMS 0x00000000d7300000, 0x00000000d7300000| Complete 
| 234|0x00000000d7400000, 0x00000000d7500000, 0x00000000d7500000|100%| E|CS|TAMS 0x00000000d7400000, 0x00000000d7400000| Complete 
| 235|0x00000000d7500000, 0x00000000d7600000, 0x00000000d7600000|100%| E|CS|TAMS 0x00000000d7500000, 0x00000000d7500000| Complete 
| 236|0x00000000d7600000, 0x00000000d7700000, 0x00000000d7700000|100%| E|CS|TAMS 0x00000000d7600000, 0x00000000d7600000| Complete 
| 237|0x00000000d7700000, 0x00000000d7800000, 0x00000000d7800000|100%| E|CS|TAMS 0x00000000d7700000, 0x00000000d7700000| Complete 
| 238|0x00000000d7800000, 0x00000000d7900000, 0x00000000d7900000|100%| E|CS|TAMS 0x00000000d7800000, 0x00000000d7800000| Complete 
| 239|0x00000000d7900000, 0x00000000d7a00000, 0x00000000d7a00000|100%| E|CS|TAMS 0x00000000d7900000, 0x00000000d7900000| Complete 
| 240|0x00000000d7a00000, 0x00000000d7b00000, 0x00000000d7b00000|100%| E|CS|TAMS 0x00000000d7a00000, 0x00000000d7a00000| Complete 

Card table byte_map: [0x000001b8c9a50000,0x000001b8c9c10000] _byte_map_base: 0x000001b8c940b000

Marking Bits (Prev, Next): (CMBitMap*) 0x000001b8b274d610, (CMBitMap*) 0x000001b8b274d5d8
 Prev Bits: [0x000001b8cabb0000, 0x000001b8cb988000)
 Next Bits: [0x000001b8c9dd0000, 0x000001b8caba8000)

Polling page: 0x000001b8b06b0000

Metaspace:

Usage:
  Non-class:     51.45 MB capacity,    49.87 MB ( 97%) used,     1.42 MB (  3%) free+waste,   165.56 KB ( <1%) overhead. 
      Class:      8.11 MB capacity,     6.72 MB ( 83%) used,     1.31 MB ( 16%) free+waste,    79.69 KB ( <1%) overhead. 
       Both:     59.57 MB capacity,    56.59 MB ( 95%) used,     2.73 MB (  5%) free+waste,   245.25 KB ( <1%) overhead. 

Virtual space:
  Non-class space:       52.00 MB reserved,      51.58 MB (>99%) committed 
      Class space:        1.00 GB reserved,       8.20 MB ( <1%) committed 
             Both:        1.05 GB reserved,      59.78 MB (  6%) committed 

Chunk freelists:
   Non-Class:  7.88 KB
       Class:  1.75 KB
        Both:  9.63 KB

CodeHeap 'non-profiled nmethods': size=120064Kb used=8117Kb max_used=8117Kb free=111946Kb
 bounds [0x000001b8c2510000, 0x000001b8c2d00000, 0x000001b8c9a50000]
CodeHeap 'profiled nmethods': size=120000Kb used=25212Kb max_used=25212Kb free=94787Kb
 bounds [0x000001b8bafe0000, 0x000001b8bc890000, 0x000001b8c2510000]
CodeHeap 'non-nmethods': size=5696Kb used=1404Kb max_used=1458Kb free=4292Kb
 bounds [0x000001b8baa50000, 0x000001b8bacc0000, 0x000001b8bafe0000]
 total_blobs=14139 nmethods=9693 adapters=773
 compilation: enabled
              stopped_count=0, restarted_count=0
 full_count=0

Compilation events (10 events):
Event: 52569.544 Thread 0x000001b8ce86e000 nmethod 10466 0x000001b8bc881590 code [0x000001b8bc8817c0, 0x000001b8bc882300]
Event: 52569.554 Thread 0x000001b8ce86e000 10467   !   3       sun.java2d.pipe.DrawImage::renderImageXform (736 bytes)
Event: 52569.558 Thread 0x000001b8ce86e000 nmethod 10467 0x000001b8bc882490 code [0x000001b8bc882a20, 0x000001b8bc885610]
Event: 52569.562 Thread 0x000001b8ce86e000 10468       3       sun.awt.NullComponentPeer::setForeground (1 bytes)
Event: 52569.562 Thread 0x000001b8ce86e000 nmethod 10468 0x000001b8bc886e10 code [0x000001b8bc886fc0, 0x000001b8bc887118]
Event: 52569.567 Thread 0x000001b8d579c800 10469   !   4       java.awt.KeyboardFocusManager::clearMostRecentFocusOwner (110 bytes)
Event: 52569.570 Thread 0x000001b8ce86e000 10470       3       javax.swing.JViewport::getViewSize (36 bytes)
Event: 52569.572 Thread 0x000001b8ce86e000 nmethod 10470 0x000001b8bc887190 code [0x000001b8bc887420, 0x000001b8bc888330]
Event: 52569.577 Thread 0x000001b8ce79e000 nmethod 10464 0x000001b8c2cf9b90 code [0x000001b8c2cf9e60, 0x000001b8c2cfb280]
Event: 52569.580 Thread 0x000001b8d579c800 nmethod 10469 0x000001b8c2cfc410 code [0x000001b8c2cfc620, 0x000001b8c2cfd058]

GC Heap History (10 events):
Event: 32.018 GC heap before
{Heap before GC invocations=65 (full 0):
 garbage-first heap   total 246784K, used 200877K [0x00000000c8a00000, 0x0000000100000000)
  region size 1024K, 124 young (126976K), 17 survivors (17408K)
 Metaspace       used 55412K, capacity 58409K, committed 58780K, reserved 1099776K
  class space    used 6712K, capacity 8133K, committed 8268K, reserved 1048576K
}
Event: 32.040 GC heap after
{Heap after GC invocations=66 (full 0):
 garbage-first heap   total 246784K, used 99139K [0x00000000c8a00000, 0x0000000100000000)
  region size 1024K, 9 young (9216K), 9 survivors (9216K)
 Metaspace       used 55412K, capacity 58409K, committed 58780K, reserved 1099776K
  class space    used 6712K, capacity 8133K, committed 8268K, reserved 1048576K
}
Event: 32.255 GC heap before
{Heap before GC invocations=66 (full 0):
 garbage-first heap   total 246784K, used 211779K [0x00000000c8a00000, 0x0000000100000000)
  region size 1024K, 107 young (109568K), 9 survivors (9216K)
 Metaspace       used 55443K, capacity 58409K, committed 58780K, reserved 1099776K
  class space    used 6712K, capacity 8133K, committed 8268K, reserved 1048576K
}
Event: 32.270 GC heap after
{Heap after GC invocations=67 (full 0):
 garbage-first heap   total 246784K, used 111101K [0x00000000c8a00000, 0x0000000100000000)
  region size 1024K, 10 young (10240K), 10 survivors (10240K)
 Metaspace       used 55443K, capacity 58409K, committed 58780K, reserved 1099776K
  class space    used 6712K, capacity 8133K, committed 8268K, reserved 1048576K
}
Event: 32.804 GC heap before
{Heap before GC invocations=67 (full 0):
 garbage-first heap   total 246784K, used 198141K [0x00000000c8a00000, 0x0000000100000000)
  region size 1024K, 95 young (97280K), 10 survivors (10240K)
 Metaspace       used 55939K, capacity 58935K, committed 59036K, reserved 1099776K
  class space    used 6736K, capacity 8175K, committed 8268K, reserved 1048576K
}
Event: 32.820 GC heap after
{Heap after GC invocations=68 (full 0):
 garbage-first heap   total 246784K, used 119651K [0x00000000c8a00000, 0x0000000100000000)
  region size 1024K, 10 young (10240K), 10 survivors (10240K)
 Metaspace       used 55939K, capacity 58935K, committed 59036K, reserved 1099776K
  class space    used 6736K, capacity 8175K, committed 8268K, reserved 1048576K
}
Event: 33.101 GC heap before
{Heap before GC invocations=68 (full 0):
 garbage-first heap   total 246784K, used 198499K [0x00000000c8a00000, 0x0000000100000000)
  region size 1024K, 87 young (89088K), 10 survivors (10240K)
 Metaspace       used 56005K, capacity 59005K, committed 59292K, reserved 1099776K
  class space    used 6742K, capacity 8176K, committed 8268K, reserved 1048576K
}
Event: 33.111 GC heap after
{Heap after GC invocations=69 (full 0):
 garbage-first heap   total 246784K, used 122315K [0x00000000c8a00000, 0x0000000100000000)
  region size 1024K, 3 young (3072K), 3 survivors (3072K)
 Metaspace       used 56005K, capacity 59005K, committed 59292K, reserved 1099776K
  class space    used 6742K, capacity 8176K, committed 8268K, reserved 1048576K
}
Event: 33.429 GC heap before
{Heap before GC invocations=69 (full 0):
 garbage-first heap   total 246784K, used 202187K [0x00000000c8a00000, 0x0000000100000000)
  region size 1024K, 81 young (82944K), 3 survivors (3072K)
 Metaspace       used 56048K, capacity 59069K, committed 59292K, reserved 1099776K
  class space    used 6745K, capacity 8176K, committed 8268K, reserved 1048576K
}
Event: 33.434 GC heap after
{Heap after GC invocations=70 (full 0):
 garbage-first heap   total 246784K, used 123724K [0x00000000c8a00000, 0x0000000100000000)
  region size 1024K, 5 young (5120K), 5 survivors (5120K)
 Metaspace       used 56048K, capacity 59069K, committed 59292K, reserved 1099776K
  class space    used 6745K, capacity 8176K, committed 8268K, reserved 1048576K
}

Deoptimization events (10 events):
Event: 52562.447 Thread 0x000001b8cee4a800 Uncommon trap: reason=unstable_if action=reinterpret pc=0x000001b8c2bf38f8 method=java.awt.geom.AffineTransform.transform([FI[FII)V @ 2 c2
Event: 52562.864 Thread 0x000001b8cee4a800 Uncommon trap: reason=intrinsic_or_type_checked_inlining action=make_not_entrant pc=0x000001b8c2c41c6c method=java.util.Vector.copyInto([Ljava/lang/Object;)V @ 11 c2
Event: 52567.808 Thread 0x000001b8cee4a800 Uncommon trap: reason=unstable_if action=reinterpret pc=0x000001b8c2c92244 method=sun.java2d.marlin.DMarlinRenderingEngine.strokeTo(Lsun/java2d/marlin/DRendererContext;Ljava/awt/Shape;Ljava/awt/geom/AffineTransform;DLsun/java2d/marlin/DMarlinRenderingEngi
Event: 52569.431 Thread 0x000001b8cee4a800 Uncommon trap: reason=class_check action=make_not_entrant pc=0x000001b8c2cf1234 method=java.util.ArrayList.toArray([Ljava/lang/Object;)[Ljava/lang/Object; @ 21 c2
Event: 52569.539 Thread 0x000001b8cee4a800 Uncommon trap: reason=unstable_if action=reinterpret pc=0x000001b8c2c1ce74 method=javax.swing.SwingUtilities.getValidateRoot(Ljava/awt/Container;Z)Ljava/awt/Container; @ 17 c2
Event: 52569.544 Thread 0x000001b8cee4a800 Uncommon trap: reason=unstable_if action=reinterpret pc=0x000001b8c2cc1e88 method=sun.java2d.marlin.DStroker._moveTo(DDI)V @ 4 c2
Event: 52569.544 Thread 0x000001b8cee4a800 Uncommon trap: reason=unstable_if action=reinterpret pc=0x000001b8c2bd6354 method=sun.java2d.marlin.DHelpers$PolyStack.popAll(Lsun/java2d/marlin/DPathConsumer2D;)V @ 6 c2
Event: 52569.554 Thread 0x000001b8cee4a800 Uncommon trap: reason=unstable_if action=reinterpret pc=0x000001b8c2cd0b7c method=sun.java2d.pipe.DrawImage.renderImageXform(Lsun/java2d/SunGraphics2D;Ljava/awt/Image;Ljava/awt/geom/AffineTransform;IIIIILjava/awt/Color;)V @ 240 c2
Event: 52569.557 Thread 0x000001b8cee4a800 Uncommon trap: reason=unstable_if action=reinterpret pc=0x000001b8c2c53838 method=sun.java2d.pipe.AlphaPaintPipe.renderPathTile(Ljava/lang/Object;[BIIIIII)V @ 305 c2
Event: 52569.558 Thread 0x000001b8cee4a800 Uncommon trap: reason=unstable_if action=reinterpret pc=0x000001b8c2c6d0c4 method=sun.java2d.SunGraphics2D.setColor(Ljava/awt/Color;)V @ 42 c2

Classes redefined (0 events):
No events

Internal exceptions (10 events):
Event: 33.807 Thread 0x000001b8cee4a800 Implicit null exception at 0x000001b8c2accf0a to 0x000001b8c2ad1bf2
Event: 34.028 Thread 0x000001b8d2a57000 Exception <a 'java/io/IOException'{0x00000000d6318e08}> (0x00000000d6318e08) thrown at [t:/workspace/open/src/hotspot/share/prims/jni.cpp, line 615]
Event: 34.028 Thread 0x000001b8d2a57000 Exception <a 'java/io/IOException'{0x00000000d6319170}> (0x00000000d6319170) thrown at [t:/workspace/open/src/hotspot/share/prims/jni.cpp, line 615]
Event: 34.030 Thread 0x000001b8d2a57000 Exception <a 'java/io/IOException'{0x00000000d6322140}> (0x00000000d6322140) thrown at [t:/workspace/open/src/hotspot/share/prims/jni.cpp, line 615]
Event: 34.030 Thread 0x000001b8d2a57000 Exception <a 'java/io/IOException'{0x00000000d63224a8}> (0x00000000d63224a8) thrown at [t:/workspace/open/src/hotspot/share/prims/jni.cpp, line 615]
Event: 34.030 Thread 0x000001b8d2a57000 Exception <a 'java/io/IOException'{0x00000000d6324958}> (0x00000000d6324958) thrown at [t:/workspace/open/src/hotspot/share/prims/jni.cpp, line 615]
Event: 34.030 Thread 0x000001b8d2a57000 Exception <a 'java/io/IOException'{0x00000000d6324cc0}> (0x00000000d6324cc0) thrown at [t:/workspace/open/src/hotspot/share/prims/jni.cpp, line 615]
Event: 34.031 Thread 0x000001b8d2a57000 Exception <a 'java/io/IOException'{0x00000000d6326e50}> (0x00000000d6326e50) thrown at [t:/workspace/open/src/hotspot/share/prims/jni.cpp, line 615]
Event: 34.031 Thread 0x000001b8d2a57000 Exception <a 'java/io/IOException'{0x00000000d63271b8}> (0x00000000d63271b8) thrown at [t:/workspace/open/src/hotspot/share/prims/jni.cpp, line 615]
Event: 52567.808 Thread 0x000001b8cee4a800 Implicit null exception at 0x000001b8c2c90dfb to 0x000001b8c2c921e6

Events (10 events):
Event: 52569.557 Thread 0x000001b8cee4a800 Uncommon trap: trap_request=0xffffff4d fr.pc=0x000001b8c2c53838 relative=0x0000000000002d58
Event: 52569.557 Thread 0x000001b8cee4a800 DEOPT PACKING pc=0x000001b8c2c53838 sp=0x0000003a0e5fa270
Event: 52569.557 Thread 0x000001b8cee4a800 DEOPT UNPACKING pc=0x000001b8baa78f2f sp=0x0000003a0e5fa290 mode 2
Event: 52569.558 Thread 0x000001b8cee4a800 Uncommon trap: trap_request=0xffffff4d fr.pc=0x000001b8c2c6d0c4 relative=0x0000000000000364
Event: 52569.558 Thread 0x000001b8cee4a800 DEOPT PACKING pc=0x000001b8c2c6d0c4 sp=0x0000003a0e5fa660
Event: 52569.558 Thread 0x000001b8cee4a800 DEOPT UNPACKING pc=0x000001b8baa78f2f sp=0x0000003a0e5fa620 mode 2
Event: 52569.567 loading class sun/awt/UngrabEvent
Event: 52569.568 loading class sun/awt/UngrabEvent done
Event: 52569.568 Executing VM operation: Deoptimize
Event: 52569.570 Executing VM operation: Deoptimize done


Dynamic libraries:
0x00007ff6f0ba0000 - 0x00007ff6f0be7000 	C:\Program Files\Java\jdk-11.0.2\bin\javaw.exe
0x00007fffd2e80000 - 0x00007fffd3061000 	C:\WINDOWS\SYSTEM32\ntdll.dll
0x00007fffd0310000 - 0x00007fffd03c1000 	C:\WINDOWS\System32\KERNEL32.DLL
0x00007fffcf5d0000 - 0x00007fffcf843000 	C:\WINDOWS\System32\KERNELBASE.dll
0x00007fffd2da0000 - 0x00007fffd2e41000 	C:\WINDOWS\System32\ADVAPI32.dll
0x00007fffd0870000 - 0x00007fffd090e000 	C:\WINDOWS\System32\msvcrt.dll
0x00007fffd0760000 - 0x00007fffd07bb000 	C:\WINDOWS\System32\sechost.dll
0x00007fffd2240000 - 0x00007fffd2364000 	C:\WINDOWS\System32\RPCRT4.dll
0x00007fffd2680000 - 0x00007fffd2810000 	C:\WINDOWS\System32\USER32.dll
0x00007fffcf850000 - 0x00007fffcf870000 	C:\WINDOWS\System32\win32u.dll
0x00007fffd1fd0000 - 0x00007fffd1ff8000 	C:\WINDOWS\System32\GDI32.dll
0x00007fffcff80000 - 0x00007fffd0111000 	C:\WINDOWS\System32\gdi32full.dll
0x00007fffcf430000 - 0x00007fffcf4cf000 	C:\WINDOWS\System32\msvcp_win.dll
0x00007fffcf4d0000 - 0x00007fffcf5c8000 	C:\WINDOWS\System32\ucrtbase.dll
0x00007fffc3050000 - 0x00007fffc32b9000 	C:\WINDOWS\WinSxS\amd64_microsoft.windows.common-controls_6595b64144ccf1df_6.0.17134.885_none_fb42a3473065565f\COMCTL32.dll
0x00007fffd0430000 - 0x00007fffd0752000 	C:\WINDOWS\System32\combase.dll
0x00007fffcf3b0000 - 0x00007fffcf429000 	C:\WINDOWS\System32\bcryptPrimitives.dll
0x00007fffc67b0000 - 0x00007fffc67ba000 	C:\WINDOWS\SYSTEM32\VERSION.dll
0x00007fffd2640000 - 0x00007fffd266d000 	C:\WINDOWS\System32\IMM32.DLL
0x00007fffb8610000 - 0x00007fffb8626000 	C:\Program Files\Java\jdk-11.0.2\bin\vcruntime140.dll
0x00007fffa61b0000 - 0x00007fffa625a000 	C:\Program Files\Java\jdk-11.0.2\bin\msvcp140.dll
0x00007fff95100000 - 0x00007fff95c27000 	C:\Program Files\Java\jdk-11.0.2\bin\server\jvm.dll
0x00007fffd2670000 - 0x00007fffd2678000 	C:\WINDOWS\System32\PSAPI.DLL
0x00007fffbc4f0000 - 0x00007fffbc4f9000 	C:\WINDOWS\SYSTEM32\WSOCK32.dll
0x00007fffd2d30000 - 0x00007fffd2d9c000 	C:\WINDOWS\System32\WS2_32.dll
0x00007fffba2a0000 - 0x00007fffba2c3000 	C:\WINDOWS\SYSTEM32\WINMM.dll
0x00007fffba270000 - 0x00007fffba29a000 	C:\WINDOWS\SYSTEM32\WINMMBASE.dll
0x00007fffcf250000 - 0x00007fffcf299000 	C:\WINDOWS\System32\cfgmgr32.dll
0x00007fffcf210000 - 0x00007fffcf221000 	C:\WINDOWS\System32\kernel.appcore.dll
0x00007fffb85f0000 - 0x00007fffb8601000 	C:\Program Files\Java\jdk-11.0.2\bin\verify.dll
0x00007fffc8ca0000 - 0x00007fffc8e69000 	C:\WINDOWS\SYSTEM32\DBGHELP.DLL
0x00007fffc89d0000 - 0x00007fffc89f9000 	C:\WINDOWS\SYSTEM32\dbgcore.DLL
0x00007fffb2ab0000 - 0x00007fffb2ad9000 	C:\Program Files\Java\jdk-11.0.2\bin\java.dll
0x00007fffb3880000 - 0x00007fffb3896000 	C:\Program Files\Java\jdk-11.0.2\bin\zip.dll
0x00007fffc84a0000 - 0x00007fffc84aa000 	C:\Program Files\Java\jdk-11.0.2\bin\jimage.dll
0x00007fffd09e0000 - 0x00007fffd1e20000 	C:\WINDOWS\System32\SHELL32.dll
0x00007fffd07c0000 - 0x00007fffd0869000 	C:\WINDOWS\System32\shcore.dll
0x00007fffcf870000 - 0x00007fffcff7d000 	C:\WINDOWS\System32\windows.storage.dll
0x00007fffd03d0000 - 0x00007fffd0421000 	C:\WINDOWS\System32\shlwapi.dll
0x00007fffcf1e0000 - 0x00007fffcf1ff000 	C:\WINDOWS\System32\profapi.dll
0x00007fffcf190000 - 0x00007fffcf1dc000 	C:\WINDOWS\System32\powrprof.dll
0x00007fffcf200000 - 0x00007fffcf20a000 	C:\WINDOWS\System32\FLTLIB.DLL
0x00007fffb3080000 - 0x00007fffb3099000 	C:\Program Files\Java\jdk-11.0.2\bin\net.dll
0x00007fffcb5c0000 - 0x00007fffcb69d000 	C:\WINDOWS\SYSTEM32\WINHTTP.dll
0x00007fffc5700000 - 0x00007fffc58c9000 	C:\WINDOWS\SYSTEM32\urlmon.dll
0x00007fffc4f10000 - 0x00007fffc51b6000 	C:\WINDOWS\SYSTEM32\iertutil.dll
0x00007fffceb70000 - 0x00007fffceb7b000 	C:\WINDOWS\SYSTEM32\CRYPTBASE.DLL
0x00007fffce9a0000 - 0x00007fffcea06000 	C:\WINDOWS\system32\mswsock.dll
0x00007fffb2a90000 - 0x00007fffb2aa3000 	C:\Program Files\Java\jdk-11.0.2\bin\nio.dll
0x00007fff9e340000 - 0x00007fff9e4df000 	C:\Program Files\Java\jdk-11.0.2\bin\awt.dll
0x00007fffd2c60000 - 0x00007fffd2d22000 	C:\WINDOWS\System32\OLEAUT32.dll
0x00007fffcc870000 - 0x00007fffcce37000 	C:\WINDOWS\SYSTEM32\d2d1.dll
0x00007fffcd570000 - 0x00007fffcd5fb000 	C:\WINDOWS\SYSTEM32\apphelp.dll
0x00007fffcd8b0000 - 0x00007fffcd8d9000 	C:\WINDOWS\system32\DWMAPI.DLL
0x00007fffcd730000 - 0x00007fffcd7c8000 	C:\WINDOWS\system32\uxtheme.dll
0x00007fffc6230000 - 0x00007fffc6350000 	C:\WINDOWS\system32\opengl32.dll
0x00007fffc8840000 - 0x00007fffc886c000 	C:\WINDOWS\SYSTEM32\GLU32.dll
0x00007fffd2370000 - 0x00007fffd24e3000 	C:\WINDOWS\System32\MSCTF.dll
0x00007fffd2000000 - 0x00007fffd2151000 	C:\WINDOWS\System32\ole32.dll
0x00007fffceb50000 - 0x00007fffceb67000 	C:\WINDOWS\SYSTEM32\CRYPTSP.dll
0x00007fffce590000 - 0x00007fffce5c3000 	C:\WINDOWS\system32\rsaenh.dll
0x00007fffcec80000 - 0x00007fffceca5000 	C:\WINDOWS\SYSTEM32\bcrypt.dll
0x00007fffcf020000 - 0x00007fffcf048000 	C:\WINDOWS\SYSTEM32\USERENV.dll
0x00007fffce730000 - 0x00007fffce768000 	C:\WINDOWS\SYSTEM32\IPHLPAPI.DLL
0x00007fffd1fc0000 - 0x00007fffd1fc8000 	C:\WINDOWS\System32\NSI.dll
0x00007fffc9f00000 - 0x00007fffc9f16000 	C:\WINDOWS\SYSTEM32\dhcpcsvc6.DLL
0x00007fffc9e70000 - 0x00007fffc9e8a000 	C:\WINDOWS\SYSTEM32\dhcpcsvc.DLL
0x00007fff9fc90000 - 0x00007fff9fd10000 	C:\Program Files\Java\jdk-11.0.2\bin\freetype.dll
0x00007fffa6080000 - 0x00007fffa60ef000 	C:\Program Files\Java\jdk-11.0.2\bin\fontmanager.dll
0x00007fffce770000 - 0x00007fffce82e000 	C:\WINDOWS\SYSTEM32\DNSAPI.dll
0x0000000063560000 - 0x0000000063569000 	C:\Program Files\National Instruments\Shared\mDNS Responder\nimdnsNSP.dll
0x000000006e6b0000 - 0x000000006e753000 	C:\WINDOWS\WinSxS\amd64_microsoft.vc90.crt_1fc8b3b9a1e18e3b_9.0.30729.9415_none_08e0c10ba840a28a\MSVCR90.dll
0x0000000063550000 - 0x000000006355e000 	C:\WINDOWS\SYSTEM32\nimdnsResponder.dll
0x00007fffc9720000 - 0x00007fffc972a000 	C:\Windows\System32\rasadhlp.dll
0x00007fffc9750000 - 0x00007fffc97c2000 	C:\WINDOWS\System32\fwpuclnt.dll
0x00007fffca020000 - 0x00007fffca02b000 	C:\WINDOWS\SYSTEM32\WINNSI.DLL
0x00007fffb99c0000 - 0x00007fffb99c9000 	C:\Program Files\Java\jdk-11.0.2\bin\management.dll
0x00007fffb97f0000 - 0x00007fffb97fc000 	C:\Program Files\Java\jdk-11.0.2\bin\management_ext.dll
0x00007fffb8770000 - 0x00007fffb8779000 	C:\Program Files\Java\jdk-11.0.2\bin\prefs.dll
0x00007fffc6640000 - 0x00007fffc6656000 	C:\WINDOWS\system32\napinsp.dll
0x00007fffbecb0000 - 0x00007fffbecca000 	C:\WINDOWS\system32\pnrpnsp.dll
0x00007fffca9e0000 - 0x00007fffca9f9000 	C:\WINDOWS\system32\NLAapi.dll
0x00007fffc6690000 - 0x00007fffc669e000 	C:\WINDOWS\System32\winrnr.dll
0x00007fffb7630000 - 0x00007fffb7645000 	C:\WINDOWS\System32\wshbth.dll
0x00007fffbbe90000 - 0x00007fffbbf37000 	C:\WINDOWS\WinSxS\amd64_microsoft.windows.common-controls_6595b64144ccf1df_5.82.17134.885_none_f956463330922bba\comctl32.dll
0x00007fffd0940000 - 0x00007fffd09e0000 	C:\WINDOWS\System32\clbcatq.dll
0x00007fffca030000 - 0x00007fffca1e4000 	C:\WINDOWS\SYSTEM32\PROPSYS.dll
0x00007fffbf350000 - 0x00007fffbf9eb000 	C:\Windows\System32\OneCoreUAPCommonProxyStub.dll
0x00007fff99480000 - 0x00007fff995a7000 	C:\WINDOWS\system32\NetworkExplorer.dll
0x00007fffb7ac0000 - 0x00007fffb7ada000 	C:\WINDOWS\SYSTEM32\MPR.dll
0x00007fffb3870000 - 0x00007fffb387b000 	C:\WINDOWS\System32\drprov.dll
0x00007fffce2c0000 - 0x00007fffce316000 	C:\WINDOWS\System32\WINSTA.dll
0x00007fffb3850000 - 0x00007fffb3866000 	C:\WINDOWS\System32\ntlanman.dll
0x00007fffb3830000 - 0x00007fffb384d000 	C:\WINDOWS\System32\davclnt.dll
0x00007fffc5ca0000 - 0x00007fffc5cac000 	C:\WINDOWS\System32\DAVHLPR.dll
0x00007fffca770000 - 0x00007fffca787000 	C:\WINDOWS\System32\wkscli.dll
0x00007fffcb410000 - 0x00007fffcb422000 	C:\WINDOWS\SYSTEM32\cscapi.dll
0x00007fffce830000 - 0x00007fffce83e000 	C:\WINDOWS\System32\netutils.dll
0x00007fffc85c0000 - 0x00007fffc860a000 	C:\Windows\System32\dlnashext.dll
0x00007fffc8810000 - 0x00007fffc882e000 	C:\Windows\System32\DevDispItemProvider.dll
0x00007fffcef30000 - 0x00007fffcef57000 	C:\WINDOWS\System32\DEVOBJ.dll
0x00007fff9c3d0000 - 0x00007fff9c5b1000 	C:\WINDOWS\system32\wpdshext.dll
0x00007fffb8c20000 - 0x00007fffb8dbb000 	C:\WINDOWS\WinSxS\amd64_microsoft.windows.gdiplus_6595b64144ccf1df_1.1.17134.885_none_2c2d962c8af7d02d\gdiplus.dll
0x00007fff9d2b0000 - 0x00007fff9d34c000 	C:\Windows\System32\PortableDeviceApi.dll
0x00007fffd2810000 - 0x00007fffd2c5b000 	C:\WINDOWS\System32\SETUPAPI.dll
0x00007fffcf350000 - 0x00007fffcf3a7000 	C:\WINDOWS\System32\WINTRUST.dll
0x00007fffcf230000 - 0x00007fffcf242000 	C:\WINDOWS\System32\MSASN1.dll
0x00007fffd0120000 - 0x00007fffd0302000 	C:\WINDOWS\System32\CRYPT32.dll
0x00007fffca250000 - 0x00007fffca280000 	C:\Windows\System32\PortableDeviceTypes.dll
0x00007fffae540000 - 0x00007fffae577000 	C:\Windows\System32\EhStorShell.dll
0x00007fffb2a60000 - 0x00007fffb2a85000 	C:\Windows\System32\EhStorAPI.dll
0x00007fffcbb20000 - 0x00007fffcbb33000 	C:\Windows\System32\WTSAPI32.dll
0x00007fffcbe50000 - 0x00007fffcbe5d000 	C:\WINDOWS\SYSTEM32\LINKINFO.dll
0x00007fffb22e0000 - 0x00007fffb230d000 	C:\Program Files\Java\jdk-11.0.2\bin\javajpeg.dll
0x00007fff9e720000 - 0x00007fff9e75f000 	C:\Program Files\Java\jdk-11.0.2\bin\lcms.dll
0x00007fff9dd00000 - 0x00007fff9dd25000 	C:\Users\sspu2\AppData\Local\Temp\jna-109742189\jna2140724672556211066.dll
0x000000006e430000 - 0x000000006e502000 	C:\WINDOWS\SYSTEM32\MSVCR100.dll
0x00007fffb7c50000 - 0x00007fffb7dfe000 	C:\WINDOWS\SYSTEM32\WindowsCodecs.dll
0x00007fffb13a0000 - 0x00007fffb13f8000 	C:\WINDOWS\system32\dataexchange.dll
0x00007fffcc130000 - 0x00007fffcc43b000 	C:\WINDOWS\system32\d3d11.dll
0x00007fffcce90000 - 0x00007fffcd02c000 	C:\WINDOWS\system32\dcomp.dll
0x00007fffcdef0000 - 0x00007fffcdfab000 	C:\WINDOWS\system32\dxgi.dll
0x00007fffcd9c0000 - 0x00007fffcdb78000 	C:\WINDOWS\system32\twinapi.appcore.dll
0x00007fffcd990000 - 0x00007fffcd9b1000 	C:\WINDOWS\system32\RMCLIENT.dll
0x00007fffb2530000 - 0x00007fffb25c6000 	C:\WINDOWS\System32\TextInputFramework.dll
0x00007fffcd370000 - 0x00007fffcd44a000 	C:\WINDOWS\System32\CoreMessaging.dll
0x00007fffb7e00000 - 0x00007fffb811e000 	C:\WINDOWS\System32\CoreUIComponents.dll
0x00007fffcbcd0000 - 0x00007fffcbe1d000 	C:\WINDOWS\SYSTEM32\wintypes.dll

dbghelp: loaded successfully - version: 4.0.5 - missing functions: none
symbol engine: initialized successfully - sym options: 0x614 - pdb path: .;C:\Program Files\Java\jdk-11.0.2\bin;C:\WINDOWS\SYSTEM32;C:\WINDOWS\WinSxS\amd64_microsoft.windows.common-controls_6595b64144ccf1df_6.0.17134.885_none_fb42a3473065565f;C:\Program Files\Java\jdk-11.0.2\bin\server;C:\Program Files\National Instruments\Shared\mDNS Responder;C:\WINDOWS\WinSxS\amd64_microsoft.vc90.crt_1fc8b3b9a1e18e3b_9.0.30729.9415_none_08e0c10ba840a28a;C:\WINDOWS\WinSxS\amd64_microsoft.windows.common-controls_6595b64144ccf1df_5.82.17134.885_none_f956463330922bba;C:\WINDOWS\WinSxS\amd64_microsoft.windows.gdiplus_6595b64144ccf1df_1.1.17134.885_none_2c2d962c8af7d02d;C:\Users\sspu2\AppData\Local\Temp\jna-109742189

VM Arguments:
java_command: com.st.microxplorer.maingui.STM32CubeMX C:\TouchGFXProjects\ledgui\ledgui.ioc
java_class_path (initial): D:\Program Files (x86)\STMicroelectronics\STM32Cube\STM32CubeMX\STM32CubeMX.exe;anything
Launcher Type: SUN_STANDARD

[Global flags]
     intx CICompilerCount                          = 3                                         {product} {ergonomic}
     uint ConcGCThreads                            = 1                                         {product} {ergonomic}
     uint G1ConcRefinementThreads                  = 4                                         {product} {ergonomic}
   size_t G1HeapRegionSize                         = 1048576                                   {product} {ergonomic}
    uintx GCDrainStackTargetSize                   = 64                                        {product} {ergonomic}
   size_t InitialHeapSize                          = 58720256                                  {product} {ergonomic}
   size_t MarkStackSize                            = 4194304                                   {product} {ergonomic}
   size_t MaxHeapSize                              = 929038336                                 {product} {ergonomic}
   size_t MaxNewSize                               = 556793856                                 {product} {ergonomic}
   size_t MinHeapDeltaBytes                        = 1048576                                   {product} {ergonomic}
    uintx NonNMethodCodeHeapSize                   = 5830092                                {pd product} {ergonomic}
    uintx NonProfiledCodeHeapSize                  = 122914074                              {pd product} {ergonomic}
    uintx ProfiledCodeHeapSize                     = 122914074                              {pd product} {ergonomic}
    uintx ReservedCodeCacheSize                    = 251658240                              {pd product} {ergonomic}
     bool SegmentedCodeCache                       = true                                      {product} {ergonomic}
     bool UseCompressedClassPointers               = true                                 {lp64_product} {ergonomic}
     bool UseCompressedOops                        = true                                 {lp64_product} {ergonomic}
     bool UseG1GC                                  = true                                      {product} {ergonomic}
     bool UseLargePagesIndividualAllocation        = false                                  {pd product} {ergonomic}

Logging:
Log output configuration:
 #0: stdout all=warning uptime,level,tags
 #1: stderr all=off uptime,level,tags

Environment Variables:
PATH=D:\Program Files (x86)\STMicroelectronics\STM32Cube\STM32CubeMX\;C:\Program Files (x86)\Common Files\Oracle\Java\javapath;D:\Program Files (x86)\STMicroelectronics\st_toolset\asm;C:\MentorGraphics\9.5PADS\SDD_HOME\common\win32\bin;C:\MentorGraphics\9.5PADS\SDD_HOME\common\win32\lib;C:\MentorGraphics\9.5PADS\MGC_HOME.ixn\bin;C:\MentorGraphics\9.5PADS\MGC_HOME.ixn\lib;C:\WINDOWS\system32;C:\WINDOWS;C:\WINDOWS\System32\Wbem;C:\WINDOWS\System32\WindowsPowerShell\v1.0\;C:\Program Files\Common Files\Thunder Network\KanKan\Codecs;D:\Cadence\SPB_16.6\tools\pcb\bin;D:\Cadence\SPB_16.6\tools\orcad;D:\Cadence\SPB_16.6\tools\bin;D:\Cadence\SPB_16.6\tools\jre\bin;D:\Cadence\SPB_16.6\tools\fet\bin;D:\Cadence\SPB_16.6\tools\specctra\bin;D:\Cadence\SPB_16.6\tools\libutil\bin;C:\Program Files (x86)\STMicroelectronics\STM32 ST-LINK Utility\ST-LINK Utility;C:\Users\sspu2\AppData\Local\Microsoft\WindowsApps;D:\Program Files\Microsoft VS Code\bin;C:\MinGW\bin;D:\MentorGraphics\9.5PADS\SDD_HOME\common\win32\lib;C:\Program Files\Java\jdk-11.0.2\bin;D:\shutong\adb;D:\Program Files\Git\bin;D:\OpenSSH-Win64;;C:\Program Files\Java\jdk-11.0.2\bin
USERNAME=sspu2
OS=Windows_NT
PROCESSOR_IDENTIFIER=Intel64 Family 6 Model 142 Stepping 9, GenuineIntel



---------------  S Y S T E M  ---------------

OS: Windows 10 , 64 bit Build 17134 (10.0.17134.753)

CPU:total 4 (initial active 4) (2 cores per cpu, 2 threads per core) family 6 model 142 stepping 9, cmov, cx8, fxsr, mmx, sse, sse2, sse3, ssse3, sse4.1, sse4.2, popcnt, avx, avx2, aes, clmul, erms, 3dnowpref, lzcnt, ht, tsc, tscinvbit, bmi1, bmi2, adx, fma

Memory: 4k page, system-wide physical 3543M (678M free)
TotalPageFile size 9189M (AvailPageFile size 2018M)
current process WorkingSet (physical memory assigned to process): 195M, peak: 452M
current process commit charge ("private bytes"): 462M, peak: 480M

vm_info: Java HotSpot(TM) 64-Bit Server VM (11.0.2+9-LTS) for windows-amd64 JRE (11.0.2+9-LTS), built on Jan 18 2019 05:24:10 by "mach5one" with MS VC++ 15.5 (VS2017)

END.
